d:\github\comp345_a2\x64\debug\vc142.pdb
d:\github\comp345_a2\x64\debug\vc142.idb
d:\github\comp345_a2\x64\debug\player.obj
d:\github\comp345_a2\x64\debug\ordersdriver.obj
d:\github\comp345_a2\x64\debug\map.obj
d:\github\comp345_a2\x64\debug\gameenginedriver.obj
d:\github\comp345_a2\x64\debug\gameengine.obj
d:\github\comp345_a2\x64\debug\cards.obj
d:\github\comp345_a2\x64\debug\orders.obj
d:\github\comp345_a2\x64\debug\a2.pdb
d:\github\comp345_a2\x64\debug\a2.tlog\cl.command.1.tlog
d:\github\comp345_a2\x64\debug\a2.tlog\cl.read.1.tlog
d:\github\comp345_a2\x64\debug\a2.tlog\cl.write.1.tlog
d:\github\comp345_a2\x64\debug\a2.tlog\link-cvtres.read.1.tlog
d:\github\comp345_a2\x64\debug\a2.tlog\link-cvtres.write.1.tlog
d:\github\comp345_a2\x64\debug\a2.tlog\link-rc.read.1.tlog
d:\github\comp345_a2\x64\debug\a2.tlog\link-rc.write.1.tlog
d:\github\comp345_a2\x64\debug\a2.tlog\link.command.1.tlog
d:\github\comp345_a2\x64\debug\a2.tlog\link.read.1.tlog
d:\github\comp345_a2\x64\debug\a2.tlog\link.write.1.tlog
