  OrderDriver.cpp
D:\Github\COMP345_A2\GameEngine.h(3,10): warning C4067: unexpected tokens following preprocessor directive - expected a newline
D:\Github\COMP345_A2\OrderDriver.cpp(3,10): warning C4067: unexpected tokens following preprocessor directive - expected a newline
D:\Github\COMP345_A2\OrderDriver.cpp(4,10): warning C4067: unexpected tokens following preprocessor directive - expected a newline
D:\Github\COMP345_A2\OrderDriver.cpp(5,10): warning C4067: unexpected tokens following preprocessor directive - expected a newline
D:\Github\COMP345_A2\OrderDriver.cpp(7,10): warning C4067: unexpected tokens following preprocessor directive - expected a newline
D:\Github\COMP345_A2\OrderDriver.cpp(123,10): warning C4129: 'C': unrecognized character escape sequence
D:\Github\COMP345_A2\OrderDriver.cpp(152,10): warning C4129: 'C': unrecognized character escape sequence
D:\Github\COMP345_A2\OrderDriver.cpp(153,10): warning C4129: 'C': unrecognized character escape sequence
D:\Github\COMP345_A2\OrderDriver.cpp(160,10): warning C4129: 'B': unrecognized character escape sequence
D:\Github\COMP345_A2\OrderDriver.cpp(170,10): warning C4129: 'A': unrecognized character escape sequence
D:\Github\COMP345_A2\OrderDriver.cpp(179,10): warning C4129: 'C': unrecognized character escape sequence
D:\Github\COMP345_A2\OrderDriver.cpp(185,10): warning C4129: 'A': unrecognized character escape sequence
D:\Github\COMP345_A2\OrderDriver.cpp(196,10): warning C4129: 'A': unrecognized character escape sequence
D:\Github\COMP345_A2\OrderDriver.cpp(208,10): warning C4129: 'C': unrecognized character escape sequence
D:\Github\COMP345_A2\OrderDriver.cpp(209,10): warning C4129: 'C': unrecognized character escape sequence
D:\Github\COMP345_A2\OrderDriver.cpp(213,10): warning C4129: 'A': unrecognized character escape sequence
D:\Github\COMP345_A2\OrderDriver.cpp(225,10): warning C4129: 'C': unrecognized character escape sequence
D:\Github\COMP345_A2\OrderDriver.cpp(226,10): warning C4129: 'C': unrecognized character escape sequence
D:\Github\COMP345_A2\OrderDriver.cpp(234,10): warning C4129: 'N': unrecognized character escape sequence
D:\Github\COMP345_A2\OrderDriver.cpp(254,10): warning C4129: 'A': unrecognized character escape sequence
D:\Github\COMP345_A2\OrderDriver.cpp(263,10): warning C4129: 'C': unrecognized character escape sequence
D:\Github\COMP345_A2\OrderDriver.cpp(266,10): warning C4129: 'A': unrecognized character escape sequence
D:\Github\COMP345_A2\OrderDriver.cpp(278,10): warning C4129: 'C': unrecognized character escape sequence
D:\Github\COMP345_A2\OrderDriver.cpp(279,10): warning C4129: 'C': unrecognized character escape sequence
D:\Github\COMP345_A2\OrderDriver.cpp(289,10): warning C4129: 'B': unrecognized character escape sequence
D:\Github\COMP345_A2\OrderDriver.cpp(300,10): warning C4129: 'A': unrecognized character escape sequence
D:\Github\COMP345_A2\OrderDriver.cpp(311,10): warning C4129: 'C': unrecognized character escape sequence
  A2.vcxproj -> D:\Github\COMP345_A2\x64\Debug\A2.exe
